<?xml version="1.0" encoding="UTF-8"?>
<coverage generated="1669516219757" clover="3.2.0">
  <project timestamp="1669516219757" name="All files">
    <metrics statements="26" coveredstatements="23" conditionals="0" coveredconditionals="0" methods="14" coveredmethods="11" elements="40" coveredelements="34" complexity="0" loc="26" ncloc="26" packages="1" files="4" classes="4"/>
    <file name="employee.js" path="/Users/alexberger/bootcamp/module-10-challenge/team-profile-generator/lib/employee.js">
      <metrics statements="8" coveredstatements="8" conditionals="0" coveredconditionals="0" methods="5" coveredmethods="5"/>
      <line num="3" count="7" type="stmt"/>
      <line num="4" count="7" type="stmt"/>
      <line num="5" count="7" type="stmt"/>
      <line num="9" count="1" type="stmt"/>
      <line num="13" count="1" type="stmt"/>
      <line num="17" count="1" type="stmt"/>
      <line num="21" count="1" type="stmt"/>
      <line num="25" count="4" type="stmt"/>
    </file>
    <file name="engineer.js" path="/Users/alexberger/bootcamp/module-10-challenge/team-profile-generator/lib/engineer.js">
      <metrics statements="6" coveredstatements="5" conditionals="0" coveredconditionals="0" methods="3" coveredmethods="2"/>
      <line num="1" count="1" type="stmt"/>
      <line num="5" count="1" type="stmt"/>
      <line num="6" count="1" type="stmt"/>
      <line num="9" count="0" type="stmt"/>
      <line num="12" count="1" type="stmt"/>
      <line num="16" count="1" type="stmt"/>
    </file>
    <file name="intern.js" path="/Users/alexberger/bootcamp/module-10-challenge/team-profile-generator/lib/intern.js">
      <metrics statements="6" coveredstatements="5" conditionals="0" coveredconditionals="0" methods="3" coveredmethods="2"/>
      <line num="1" count="1" type="stmt"/>
      <line num="5" count="1" type="stmt"/>
      <line num="6" count="1" type="stmt"/>
      <line num="9" count="0" type="stmt"/>
      <line num="12" count="1" type="stmt"/>
      <line num="16" count="1" type="stmt"/>
    </file>
    <file name="manager.js" path="/Users/alexberger/bootcamp/module-10-challenge/team-profile-generator/lib/manager.js">
      <metrics statements="6" coveredstatements="5" conditionals="0" coveredconditionals="0" methods="3" coveredmethods="2"/>
      <line num="1" count="1" type="stmt"/>
      <line num="5" count="1" type="stmt"/>
      <line num="6" count="1" type="stmt"/>
      <line num="9" count="0" type="stmt"/>
      <line num="12" count="1" type="stmt"/>
      <line num="16" count="1" type="stmt"/>
    </file>
  </project>
</coverage>
