<?xml version="1.0" encoding="UTF-8"?>
<coverage generated="1669510311408" clover="3.2.0">
  <project timestamp="1669510311408" name="All files">
    <metrics statements="8" coveredstatements="1" conditionals="0" coveredconditionals="0" methods="5" coveredmethods="0" elements="13" coveredelements="1" complexity="0" loc="8" ncloc="8" packages="1" files="1" classes="1"/>
    <file name="employee.js" path="/Users/alexberger/bootcamp/module-10-challenge/team-profile-generator/lib/employee.js">
      <metrics statements="8" coveredstatements="1" conditionals="0" coveredconditionals="0" methods="5" coveredmethods="0"/>
      <line num="3" count="0" type="stmt"/>
      <line num="4" count="0" type="stmt"/>
      <line num="5" count="0" type="stmt"/>
      <line num="9" count="0" type="stmt"/>
      <line num="13" count="0" type="stmt"/>
      <line num="17" count="0" type="stmt"/>
      <line num="21" count="0" type="stmt"/>
      <line num="25" count="1" type="stmt"/>
    </file>
  </project>
</coverage>
